<?xml version="1.0" encoding="UTF-8"?>
<testng-results total="1" passed="1" failed="0" skipped="0">
  <reporter-output>
    <line>
      <![CDATA[No of rows9]]>
    </line>
    <line>
      <![CDATA[Login Successfullydashboard http://orangehrm.qedgetech.com/symfony/web/index.php/dashboard]]>
    </line>
    <line>
      <![CDATA[Invalid credentials dashboard http://orangehrm.qedgetech.com/symfony/web/index.php/auth/validateCredentials]]>
    </line>
    <line>
      <![CDATA[Invalid credentials dashboard http://orangehrm.qedgetech.com/symfony/web/index.php/auth/validateCredentials]]>
    </line>
    <line>
      <![CDATA[Login Successfullydashboard http://orangehrm.qedgetech.com/symfony/web/index.php/dashboard]]>
    </line>
    <line>
      <![CDATA[Username cannot be empty dashboard http://orangehrm.qedgetech.com/symfony/web/index.php/auth/login]]>
    </line>
    <line>
      <![CDATA[Login Successfullydashboard http://orangehrm.qedgetech.com/symfony/web/index.php/dashboard]]>
    </line>
    <line>
      <![CDATA[Password cannot be empty dashboard http://orangehrm.qedgetech.com/symfony/web/index.php/auth/login]]>
    </line>
    <line>
      <![CDATA[Login Successfullydashboard http://orangehrm.qedgetech.com/symfony/web/index.php/dashboard]]>
    </line>
    <line>
      <![CDATA[Username cannot be empty dashboard http://orangehrm.qedgetech.com/symfony/web/index.php/auth/login]]>
    </line>
  </reporter-output>
  <suite started-at="2025-01-21T11:57:49Z" name="Default suite" finished-at="2025-01-21T11:58:04Z" duration-ms="15412">
    <groups>
    </groups>
    <test started-at="2025-01-21T11:57:49Z" name="Default test" finished-at="2025-01-21T11:58:04Z" duration-ms="15412">
      <class name="driverFactory.Driver_Script">
        <test-method is-config="true" signature="setUp()[pri:0, instance:driverFactory.Driver_Script@ae3540e]" started-at="2025-01-21T17:27:49Z" name="setUp" finished-at="2025-01-21T17:27:51Z" duration-ms="2129" status="PASS">
          <reporter-output>
          </reporter-output>
        </test-method> <!-- setUp -->
        <test-method signature="startest()[pri:0, instance:driverFactory.Driver_Script@ae3540e]" started-at="2025-01-21T17:27:51Z" name="startest" finished-at="2025-01-21T17:28:04Z" duration-ms="13122" status="PASS">
          <reporter-output>
            <line>
              <![CDATA[No of rows9]]>
            </line>
            <line>
              <![CDATA[Login Successfullydashboard http://orangehrm.qedgetech.com/symfony/web/index.php/dashboard]]>
            </line>
            <line>
              <![CDATA[Invalid credentials dashboard http://orangehrm.qedgetech.com/symfony/web/index.php/auth/validateCredentials]]>
            </line>
            <line>
              <![CDATA[Invalid credentials dashboard http://orangehrm.qedgetech.com/symfony/web/index.php/auth/validateCredentials]]>
            </line>
            <line>
              <![CDATA[Login Successfullydashboard http://orangehrm.qedgetech.com/symfony/web/index.php/dashboard]]>
            </line>
            <line>
              <![CDATA[Username cannot be empty dashboard http://orangehrm.qedgetech.com/symfony/web/index.php/auth/login]]>
            </line>
            <line>
              <![CDATA[Login Successfullydashboard http://orangehrm.qedgetech.com/symfony/web/index.php/dashboard]]>
            </line>
            <line>
              <![CDATA[Password cannot be empty dashboard http://orangehrm.qedgetech.com/symfony/web/index.php/auth/login]]>
            </line>
            <line>
              <![CDATA[Login Successfullydashboard http://orangehrm.qedgetech.com/symfony/web/index.php/dashboard]]>
            </line>
            <line>
              <![CDATA[Username cannot be empty dashboard http://orangehrm.qedgetech.com/symfony/web/index.php/auth/login]]>
            </line>
          </reporter-output>
        </test-method> <!-- startest -->
        <test-method is-config="true" signature="tearDown()[pri:0, instance:driverFactory.Driver_Script@ae3540e]" started-at="2025-01-21T17:28:04Z" name="tearDown" finished-at="2025-01-21T17:28:04Z" duration-ms="146" status="PASS">
          <reporter-output>
          </reporter-output>
        </test-method> <!-- tearDown -->
      </class> <!-- driverFactory.Driver_Script -->
    </test> <!-- Default test -->
  </suite> <!-- Default suite -->
</testng-results>
